2026-06-17 08:15:23 INFO Server started on port 8080
2026-06-17 08:15:24 INFO Database connection pool initialized with 10 connections
2026-06-17 08:15:25 DEBUG Loading configuration from /etc/app/config.yml
2026-06-17 08:16:01 INFO User admin logged in from 192.168.1.100
2026-06-17 08:20:15 WARNING Database response time exceeded 5 seconds: 7.234s for query SELECT * FROM users
2026-06-17 08:22:33 ERROR Failed to connect to Redis cache at localhost:6379: Connection refused
2026-06-17 08:23:10 ERROR Stack trace: java.net.ConnectException: Connection refused at redis.clients.jedis.Connection.connect(Connection.java:185)
2026-06-17 08:25:45 WARNING Memory usage reached 85% of max heap size (6.8 GB of 8 GB)
2026-06-17 08:30:22 ERROR Authentication failed for user: invalid_user. Attempt from 10.0.0.50
2026-06-17 08:32:15 FATAL Unable to initialize application: No valid database connection available after 5 retry attempts
2026-06-17 08:33:01 ERROR Cannot write to output file /var/log/output.txt: Permission denied (errno: 13)
2026-06-17 08:34:22 EXCEPTION Unexpected null pointer in UserService.getUserById(): NullPointerException at line 142
2026-06-17 08:35:10 ERROR Request timeout: HTTP request to https://api.external-service.com/data took 35 seconds
2026-06-17 08:36:45 WARNING Thread pool exhausted: 200/200 active threads, requests will be queued
2026-06-17 08:38:00 INFO Cache invalidation triggered for user_sessions
2026-06-17 08:39:15 ERROR File not found: /opt/data/config/missing-file.json. Using default configuration.
2026-06-17 08:40:30 ERROR SSL certificate validation failed: certificate expired on 2025-12-31
2026-06-17 08:41:45 FATAL Disk space critical: Only 100 MB free on /var/data partition
2026-06-17 08:42:10 ERROR Corrupted data detected in cache entry with key: 'session_abc123def456'
2026-06-17 08:43:25 WARNING CPU usage at 92%: Performance degradation expected
